\BOOKMARK [1][-]{section*.1}{\376\377\000A\000b\000s\000t\000r\000a\000c\000t}{}% 1
\BOOKMARK [1][-]{section.1}{\376\377\0001\000\040\000I\000n\000t\000r\000o\000d\000u\000c\000t\000i\000o\000n}{}% 2
\BOOKMARK [1][-]{section.2}{\376\377\0002\000\040\000M\000e\000t\000h\000o\000d}{}% 3
\BOOKMARK [2][-]{subsection.2.1}{\376\377\0002\000.\0001\000\040\000T\000w\000o\000-\000T\000r\000a\000c\000k\000\040\000D\000e\000s\000i\000g\000n}{section.2}% 4
\BOOKMARK [2][-]{subsection.2.2}{\376\377\0002\000.\0002\000\040\000T\000r\000a\000n\000s\000f\000e\000r\000\040\000P\000e\000r\000t\000u\000r\000b\000a\000t\000i\000o\000n}{section.2}% 5
\BOOKMARK [2][-]{subsection.2.3}{\376\377\0002\000.\0003\000\040\000E\000v\000a\000l\000u\000a\000t\000i\000o\000n\000\040\000S\000c\000e\000n\000a\000r\000i\000o\000s}{section.2}% 6
\BOOKMARK [1][-]{section.3}{\376\377\0003\000\040\000E\000x\000p\000e\000r\000i\000m\000e\000n\000t\000a\000l\000\040\000S\000e\000t\000u\000p}{}% 7
\BOOKMARK [2][-]{subsection.3.1}{\376\377\0003\000.\0001\000\040\000M\000o\000d\000e\000l\000\040\000a\000n\000d\000\040\000D\000a\000t\000a}{section.3}% 8
\BOOKMARK [2][-]{subsection.3.2}{\376\377\0003\000.\0002\000\040\000A\000t\000t\000a\000c\000k\000\040\000a\000n\000d\000\040\000O\000u\000t\000p\000u\000t\000\040\000S\000c\000o\000p\000e}{section.3}% 9
\BOOKMARK [1][-]{section.4}{\376\377\0004\000\040\000R\000e\000s\000u\000l\000t\000s}{}% 10
\BOOKMARK [2][-]{subsection.4.1}{\376\377\0004\000.\0001\000\040\000O\000v\000e\000r\000a\000l\000l\000\040\000M\000e\000a\000n\000s\000\040\000o\000n\000\040\000D\000i\000g\000i\000t\000a\000l\000\040\000M\000o\000d\000u\000l\000a\000t\000i\000o\000n\000s}{section.4}% 11
\BOOKMARK [2][-]{subsection.4.2}{\376\377\0004\000.\0002\000\040\000S\000N\000R\000-\000S\000t\000r\000a\000t\000i\000f\000i\000e\000d\000\040\000M\000e\000a\000n\000s}{section.4}% 12
\BOOKMARK [2][-]{subsection.4.3}{\376\377\0004\000.\0003\000\040\000P\000e\000r\000-\000M\000o\000d\000u\000l\000a\000t\000i\000o\000n\000\040\000C\000R\000C\000\040\000a\000t\000\040\0001\0008\000\040\000d\000B}{section.4}% 13
\BOOKMARK [1][-]{section.5}{\376\377\0005\000\040\000D\000i\000s\000c\000u\000s\000s\000i\000o\000n}{}% 14
\BOOKMARK [2][-]{subsection.5.1}{\376\377\0005\000.\0001\000\040\000P\000r\000i\000m\000a\000r\000y\000\040\000F\000a\000i\000l\000u\000r\000e\000\040\000M\000e\000c\000h\000a\000n\000i\000s\000m}{section.5}% 15
\BOOKMARK [2][-]{subsection.5.2}{\376\377\0005\000.\0002\000\040\000W\000h\000y\000\040\0001\0008\000\040\000d\000B\000\040\000I\000s\000\040\000M\000o\000r\000e\000\040\000D\000i\000a\000g\000n\000o\000s\000t\000i\000c}{section.5}% 16
\BOOKMARK [2][-]{subsection.5.3}{\376\377\0005\000.\0003\000\040\000M\000o\000d\000u\000l\000a\000t\000i\000o\000n\000-\000S\000p\000e\000c\000i\000f\000i\000c\000\040\000S\000e\000n\000s\000i\000t\000i\000v\000i\000t\000y}{section.5}% 17
\BOOKMARK [1][-]{section.6}{\376\377\0006\000\040\000T\000h\000r\000e\000a\000t\000s\000\040\000t\000o\000\040\000V\000a\000l\000i\000d\000i\000t\000y}{}% 18
\BOOKMARK [1][-]{section.7}{\376\377\0007\000\040\000C\000o\000n\000c\000l\000u\000s\000i\000o\000n}{}% 19
\BOOKMARK [1][-]{section*.9}{\376\377\000R\000e\000f\000e\000r\000e\000n\000c\000e\000s}{}% 20
